# SSL/TLS secrets log file, generated by NSS
CLIENT_RANDOM 1a58e7d04be5baf756a906e6a9550706b0d2d663e77eb900beee590af8994d0f 3c40fd6da32cf88b4d15960163e8d20003b2ae53b681fa04d0c420010738c52cf7b2f044a6fb77d1a57a793abe962c49
CLIENT_HANDSHAKE_TRAFFIC_SECRET 8d1d1e3b3e5f8be8e6a53ed3ad2c23f1c1bad2ce86fddc25e82c9024b0efd5fe 6fccb47c1d97f16af44032d77be5e31a44a5cd2cd0b99b0debb70757b39629b8
SERVER_HANDSHAKE_TRAFFIC_SECRET 8d1d1e3b3e5f8be8e6a53ed3ad2c23f1c1bad2ce86fddc25e82c9024b0efd5fe 3ff1f47d28256043f9bf74aadf1fcaece4561a206ac816ea5ab26a907d2c6d1f
CLIENT_TRAFFIC_SECRET_0 8d1d1e3b3e5f8be8e6a53ed3ad2c23f1c1bad2ce86fddc25e82c9024b0efd5fe 79b92b77e5cf17e4054a747c912765628ebc03206b4167f36ce089757bcc3d4c
SERVER_TRAFFIC_SECRET_0 8d1d1e3b3e5f8be8e6a53ed3ad2c23f1c1bad2ce86fddc25e82c9024b0efd5fe d4e556d6f195b93e392ca5fcadb37467af80dcd791f2b593140078aea687098a
EXPORTER_SECRET 8d1d1e3b3e5f8be8e6a53ed3ad2c23f1c1bad2ce86fddc25e82c9024b0efd5fe 382d9cca97209a9e83054560635e1b24b0adbfcb1152fc7a6e67177cf47e7257
CLIENT_HANDSHAKE_TRAFFIC_SECRET 432454acdb8bf740c6a7a46f0498c1421ce7aa69dcf906a359b6ad2da7b5c9d6 a5d0e8b3052945debe3cb1aae9ebf468b28aa859a3a21c211067d79c70534a02
SERVER_HANDSHAKE_TRAFFIC_SECRET 432454acdb8bf740c6a7a46f0498c1421ce7aa69dcf906a359b6ad2da7b5c9d6 7e7d0381b0fb5feed31095b2df72a1fbef2256d1d1ad12787ac5c46a5c33098e
CLIENT_TRAFFIC_SECRET_0 432454acdb8bf740c6a7a46f0498c1421ce7aa69dcf906a359b6ad2da7b5c9d6 660b32b8ff02947b9b929eb116c97e0887288fe1bbf110d5cfaacbed4136779d
SERVER_TRAFFIC_SECRET_0 432454acdb8bf740c6a7a46f0498c1421ce7aa69dcf906a359b6ad2da7b5c9d6 bc55723b94cb1db0b5af3457179e55fdec313f7e7933f73285ddd6fd92ed7039
EXPORTER_SECRET 432454acdb8bf740c6a7a46f0498c1421ce7aa69dcf906a359b6ad2da7b5c9d6 31096760e11a6d2b639802dd4666b4803f2e4b02e86cac435f0f5d3248d1bae5
CLIENT_RANDOM 25b85a3180c211cf5cb5958c29cbaf56970cea326c7f2716754082ad6966d9cd befed5eea2afc0c837188e13d30abeb9f5d2cba59e1c0816728cdb9c50ee31d06a32fd7d4c0aa10f0b4fa878a6f2c33b
CLIENT_HANDSHAKE_TRAFFIC_SECRET 516f30976f9f04354fc33a5eb402a20b3a32143569c64a7fca7bdef822c3a009 8ea51bda27909df026cd7ab61ed05dc91ecf9abb962c012ab32a09485083e16e
SERVER_HANDSHAKE_TRAFFIC_SECRET 516f30976f9f04354fc33a5eb402a20b3a32143569c64a7fca7bdef822c3a009 c3e197d9270e37a80e9bb02ba96c1c70b9eca54fbac9d7101bee53c84d5a3def
CLIENT_TRAFFIC_SECRET_0 516f30976f9f04354fc33a5eb402a20b3a32143569c64a7fca7bdef822c3a009 0640e412041bcb0999919099cb4cdbf8c95fde80f0669afb629be893c3881876
SERVER_TRAFFIC_SECRET_0 516f30976f9f04354fc33a5eb402a20b3a32143569c64a7fca7bdef822c3a009 b74be1560008ecbf1505cbb30492c61c8df56bbb15de4eb68920edd344eb1856
EXPORTER_SECRET 516f30976f9f04354fc33a5eb402a20b3a32143569c64a7fca7bdef822c3a009 699f610934272bffa53438209fa0c8459f26fa2c1a607e52e5ca3d60ab2ad1ce
CLIENT_HANDSHAKE_TRAFFIC_SECRET b9bf72e438b9ca2204ba3eac8ad45112eb9d1f9c56798b898bbe3f06a8083a6e cf43b46e08cf3c79580fe94d167d566276cea7ab67172553225a2281c3f20daf
SERVER_HANDSHAKE_TRAFFIC_SECRET b9bf72e438b9ca2204ba3eac8ad45112eb9d1f9c56798b898bbe3f06a8083a6e d62d4b5c2870000854e3c2f5b451d54c4b449e068b3ee712ff6847cdc46f6475
CLIENT_TRAFFIC_SECRET_0 b9bf72e438b9ca2204ba3eac8ad45112eb9d1f9c56798b898bbe3f06a8083a6e 91948187e26834015431a16fd35593a21142278de8649be4b6a83b1c6ba94d4f
SERVER_TRAFFIC_SECRET_0 b9bf72e438b9ca2204ba3eac8ad45112eb9d1f9c56798b898bbe3f06a8083a6e cf3fd504d768b5e0193ae0eb887feba577841a29cd18ce653322ba38e5f187c7
EXPORTER_SECRET b9bf72e438b9ca2204ba3eac8ad45112eb9d1f9c56798b898bbe3f06a8083a6e 99c3520aab0a5e6f5b2edcbe3cc03248f7564436c86fff1868268cb6ce145ec8
CLIENT_HANDSHAKE_TRAFFIC_SECRET c387646617eab951dacd49858b9881d1a279e79fc5733a6ae19b422557d89b2b 512f51e1c37a640e55a920128c191edaf18c50423162aaa631b6e1e940991c37
SERVER_HANDSHAKE_TRAFFIC_SECRET c387646617eab951dacd49858b9881d1a279e79fc5733a6ae19b422557d89b2b fb7775d075a891043b4dc7bc73420027b25641632d14dd6ec357d2556de7364c
CLIENT_HANDSHAKE_TRAFFIC_SECRET 3116d726daca9c316877f0451858f3eefab27b684684f66ae745a4a2af7317b6 a95b1d11c888d984b547b749fa5727a613b2542a989124767e4c55a96e6cd948
SERVER_HANDSHAKE_TRAFFIC_SECRET 3116d726daca9c316877f0451858f3eefab27b684684f66ae745a4a2af7317b6 2df125971b13191b31bcaf6fdd09d268b367d5602df2e1e9fcf390cf22f1aad0
CLIENT_TRAFFIC_SECRET_0 3116d726daca9c316877f0451858f3eefab27b684684f66ae745a4a2af7317b6 6c752a6b5658d9ccddd37c812f1043b11af410d97485ad68dc005a09fb509184
SERVER_TRAFFIC_SECRET_0 3116d726daca9c316877f0451858f3eefab27b684684f66ae745a4a2af7317b6 ceee1bb0b714f5ac38a145eb58e66257a49b42ab449de8c95b94ac302155775c
EXPORTER_SECRET 3116d726daca9c316877f0451858f3eefab27b684684f66ae745a4a2af7317b6 af6a3cede880da57ed759b4d8088e29ed0176bf4193209d7515a64a84394c692
CLIENT_TRAFFIC_SECRET_0 c387646617eab951dacd49858b9881d1a279e79fc5733a6ae19b422557d89b2b 91cc80574ec4229a0f14dff46b99b16bf8329bb84a9c3337f40d8aa31c30193b
SERVER_TRAFFIC_SECRET_0 c387646617eab951dacd49858b9881d1a279e79fc5733a6ae19b422557d89b2b a8fd7f755a5b7f50351b3e4719c9b301bf595599ca94834b9918afdb351dae60
EXPORTER_SECRET c387646617eab951dacd49858b9881d1a279e79fc5733a6ae19b422557d89b2b 9cc7504afe72333c19e102731cb5ed9d40fa9aa61589f62a81a95b2c11584f4a
CLIENT_HANDSHAKE_TRAFFIC_SECRET ae1649f151b817e3b920c2c535db7e78d397c4e19625b222f4fdeaec409a2d4f 52b2a9e83e6b8e5dac552d3cbb52b90503fc57eafc45ec4a12c5c9e55873731d
SERVER_HANDSHAKE_TRAFFIC_SECRET ae1649f151b817e3b920c2c535db7e78d397c4e19625b222f4fdeaec409a2d4f 46621b114b95710311b2b1da185fee91fe3fc940ebb62874ab7585422949ca49
CLIENT_TRAFFIC_SECRET_0 ae1649f151b817e3b920c2c535db7e78d397c4e19625b222f4fdeaec409a2d4f 51f9c24591cc2283942098e7d5c0e90dadda04ac6c0d6e938bf95191aa501074
SERVER_TRAFFIC_SECRET_0 ae1649f151b817e3b920c2c535db7e78d397c4e19625b222f4fdeaec409a2d4f 87c577bb1411b3c12a57f1bfb49a876e8b1717370c321b55bd7da09ca6f7eb22
EXPORTER_SECRET ae1649f151b817e3b920c2c535db7e78d397c4e19625b222f4fdeaec409a2d4f 8ea60380a2d3b1c14d7c2a88dc40ece1067fc820abe48fde3ae9308fa8755e4a
CLIENT_HANDSHAKE_TRAFFIC_SECRET 5128644dd9c3857b8ec35c121983d57d7433cbab2f5e2e4b9d9ea33359c4b9cd b6607391a8b89efbb569251cca6bc6685285e441e146e121e29be5535437c442
SERVER_HANDSHAKE_TRAFFIC_SECRET 5128644dd9c3857b8ec35c121983d57d7433cbab2f5e2e4b9d9ea33359c4b9cd a0c1c4967a4a3689e02a687a91ef56917357b9d7e9c96cc0ab9df6b1b491eec4
CLIENT_HANDSHAKE_TRAFFIC_SECRET 663b45fe6beefd339426e9737cadff666f2223579ab203f197cfc68cc92c87c4 ffa234720a4ad5b2a3a50a3931a6d4d0cda9a37ec668bec8aacc1f7be139ab80
SERVER_HANDSHAKE_TRAFFIC_SECRET 663b45fe6beefd339426e9737cadff666f2223579ab203f197cfc68cc92c87c4 19deb900991cfef8851a77e65f223f4d61e02b1088dcc2a76e15c49915e2def3
CLIENT_TRAFFIC_SECRET_0 663b45fe6beefd339426e9737cadff666f2223579ab203f197cfc68cc92c87c4 73ee17a3335abb9bc6179d979c2c319f223394916a00cb2906424829a2862021
SERVER_TRAFFIC_SECRET_0 663b45fe6beefd339426e9737cadff666f2223579ab203f197cfc68cc92c87c4 c8c5290e7d91226ca0092f1a4831e60edd8c87ef33d8c550036cfd4e4ad96980
EXPORTER_SECRET 663b45fe6beefd339426e9737cadff666f2223579ab203f197cfc68cc92c87c4 f7b05662a0906700f3811fcb2111dc63fb65a8ae6669a236caa94804c4b199e2
CLIENT_HANDSHAKE_TRAFFIC_SECRET 00b927942425770a25b9534dc26ac3dd24c74fdf8b211db47a609469741b9996 c9a2991b9e601972762dcce14810e6af6f980b3e75a957a7c846b92ebba3f899
SERVER_HANDSHAKE_TRAFFIC_SECRET 00b927942425770a25b9534dc26ac3dd24c74fdf8b211db47a609469741b9996 7385d79863cc7f587c8ca0f37da9aab9f2481da5d798595c839c03c74fa0e399
CLIENT_TRAFFIC_SECRET_0 00b927942425770a25b9534dc26ac3dd24c74fdf8b211db47a609469741b9996 4cf7c8f358ca207bc185251ee9204c5bbdcf855b37c543d405322440c479147f
SERVER_TRAFFIC_SECRET_0 00b927942425770a25b9534dc26ac3dd24c74fdf8b211db47a609469741b9996 3342753a73fd4828f9de253ca657cde1c8946ea0267554249349c5c16d103019
EXPORTER_SECRET 00b927942425770a25b9534dc26ac3dd24c74fdf8b211db47a609469741b9996 a15b55521dbd92f9f2a4ea24a961e65314828d6380ea8fe8e73231517b637cae
CLIENT_TRAFFIC_SECRET_0 5128644dd9c3857b8ec35c121983d57d7433cbab2f5e2e4b9d9ea33359c4b9cd 54a4dff254401eeef29497d44e3c43575c0cffc4c317a57773de1a27dc231366
SERVER_TRAFFIC_SECRET_0 5128644dd9c3857b8ec35c121983d57d7433cbab2f5e2e4b9d9ea33359c4b9cd 9cc0e84d699946a689d316d6b255b2959f5403fdfccede5f48be1899b294520c
EXPORTER_SECRET 5128644dd9c3857b8ec35c121983d57d7433cbab2f5e2e4b9d9ea33359c4b9cd 569773a138e15a81b97dbb4ca0546baa6d621e9d6c54e792a81e7d02760b2d94
CLIENT_HANDSHAKE_TRAFFIC_SECRET 3ef4f504caeb541a04708bb6d8d9d28c3320ddaec3dc9e05179c8f42af6f6f8f a17d583ddda4620c5a02992ab99e72520095cb13355384f81a2bbba4e87da50e
SERVER_HANDSHAKE_TRAFFIC_SECRET 3ef4f504caeb541a04708bb6d8d9d28c3320ddaec3dc9e05179c8f42af6f6f8f f22b39cfb8fdcfc9394dbbc10f1d9609af95213fe46e8a0f0ca27e6095313eda
CLIENT_TRAFFIC_SECRET_0 3ef4f504caeb541a04708bb6d8d9d28c3320ddaec3dc9e05179c8f42af6f6f8f ae9ee76f66a18dc7d8f7ea54889ac56cb30c81e3cf29c433d163a8ad1578d843
SERVER_TRAFFIC_SECRET_0 3ef4f504caeb541a04708bb6d8d9d28c3320ddaec3dc9e05179c8f42af6f6f8f fb163ffa9569ff9ba84d17b604d855ceb56c3c05ada70a757fad5436afb4f563
EXPORTER_SECRET 3ef4f504caeb541a04708bb6d8d9d28c3320ddaec3dc9e05179c8f42af6f6f8f 178a1396203de7abf95613a6612b81c82fd7dc16bc41ab84becce6249e7ea047
CLIENT_HANDSHAKE_TRAFFIC_SECRET f73b8970398ecacbb0d773720b40dd37ed556289df3d7ebce9aaa1b473f48d86 5fbb5ee2aff5d8708e48e6cb60790a381ad98e83dff500268cab199aee7244bf
SERVER_HANDSHAKE_TRAFFIC_SECRET f73b8970398ecacbb0d773720b40dd37ed556289df3d7ebce9aaa1b473f48d86 4436e7a25450c4c69505af2e9a38f06696abf1574612a775b96f7eaaff23ad4b
CLIENT_TRAFFIC_SECRET_0 f73b8970398ecacbb0d773720b40dd37ed556289df3d7ebce9aaa1b473f48d86 e571302185bec00383c24fa4c955978624f4fe107ec7c0e6895d621f3701ae2a
SERVER_TRAFFIC_SECRET_0 f73b8970398ecacbb0d773720b40dd37ed556289df3d7ebce9aaa1b473f48d86 dab8e2e277d04d47bbfd9c44f4fa85acc634beec8909c4a9aa6d3c48e1542f04
EXPORTER_SECRET f73b8970398ecacbb0d773720b40dd37ed556289df3d7ebce9aaa1b473f48d86 dfc40221d8d0355ebcd3a4b49192d3778f34da7a78b1cdda2f6848a6f9cc9f99
CLIENT_HANDSHAKE_TRAFFIC_SECRET ced8e45fe48cf7d57a303b76b8662001ba88472ded367cace08bc8a6d69d308f 407465bd6db1c05cf50265c84601c2435e43e5617b1357d161c105ecebbdd9da
SERVER_HANDSHAKE_TRAFFIC_SECRET ced8e45fe48cf7d57a303b76b8662001ba88472ded367cace08bc8a6d69d308f 5b5fc3d601bfe59c51a0b56d1c10455ac02ca8d15cc2a4e3538d95742215f12d
CLIENT_HANDSHAKE_TRAFFIC_SECRET a322b6f13d3ded61246b6d826d545d64a515046123af9c1205f531780f523bdc 864a81a21f962af03247961148478df3eb6fdb88b0a968b8d84f7405e1fffdad
SERVER_HANDSHAKE_TRAFFIC_SECRET a322b6f13d3ded61246b6d826d545d64a515046123af9c1205f531780f523bdc 632d8166d6341e9bd60e9801c8392ca88dee5073d378d990f6aaf755bf844c34
CLIENT_TRAFFIC_SECRET_0 ced8e45fe48cf7d57a303b76b8662001ba88472ded367cace08bc8a6d69d308f 01371bf26058297687a5c7f5e3093eb088dc720914e7db3c34ef366c9411a973
SERVER_TRAFFIC_SECRET_0 ced8e45fe48cf7d57a303b76b8662001ba88472ded367cace08bc8a6d69d308f 732443216837d7972630e1682ca46e824274312a2461cc6c6c6848c49cf1eaf9
EXPORTER_SECRET ced8e45fe48cf7d57a303b76b8662001ba88472ded367cace08bc8a6d69d308f 39fe1784e60c08384e7f0ef979b553764649450d70e0008eebe460cc2046fcf1
CLIENT_TRAFFIC_SECRET_0 a322b6f13d3ded61246b6d826d545d64a515046123af9c1205f531780f523bdc e3558187a0cd61ea51673fb8d9e04c425af017d177da11309d77d60cf27ddf26
SERVER_TRAFFIC_SECRET_0 a322b6f13d3ded61246b6d826d545d64a515046123af9c1205f531780f523bdc 513cda3b82ea71660d4940e2da8731fc65ef95f3c7dd729a95d2a5d2703f21d2
EXPORTER_SECRET a322b6f13d3ded61246b6d826d545d64a515046123af9c1205f531780f523bdc f5f82b7c0699e218ce7d248bcf5fce04242e66b78a2489c560ef2c223a1481aa
CLIENT_HANDSHAKE_TRAFFIC_SECRET cc333c313b2097737139eec6c3acd7450ba53c1abc477be676cead7ba8787133 aaf3a6a9f11235b6bb40ada91cb12391dff45969203f6b031786ee594d571878
SERVER_HANDSHAKE_TRAFFIC_SECRET cc333c313b2097737139eec6c3acd7450ba53c1abc477be676cead7ba8787133 eb70a69e7ae697e54ebddd8b80490da93278f3b36a39d33ab51532c59fc480e1
CLIENT_TRAFFIC_SECRET_0 cc333c313b2097737139eec6c3acd7450ba53c1abc477be676cead7ba8787133 a6e44846a5a5ec4c3414418965043a0efbd9987e35de5a1fbf606a57ce849fe6
SERVER_TRAFFIC_SECRET_0 cc333c313b2097737139eec6c3acd7450ba53c1abc477be676cead7ba8787133 e3e44d1f420380a31d10b2807613403e6aec68b9926c0336f5b8434d0c5db6b0
EXPORTER_SECRET cc333c313b2097737139eec6c3acd7450ba53c1abc477be676cead7ba8787133 404de612e57ae57b00ea3eab88dffe82cb51716017b53a3e3a47fadae0e9926e
CLIENT_HANDSHAKE_TRAFFIC_SECRET cb9c951a31509399a2cbed5f93aaf6550bd34e6e0e4f00ebd7c95a39f310ca89 bd1027d4664095eda5239f4a927454a9b25788e08df9093b56d89ff78eae557b
SERVER_HANDSHAKE_TRAFFIC_SECRET cb9c951a31509399a2cbed5f93aaf6550bd34e6e0e4f00ebd7c95a39f310ca89 c5b26ac87a019b33dcefff93d4b6ad7037ea411b9f35881382f4a8261c4af591
CLIENT_TRAFFIC_SECRET_0 cb9c951a31509399a2cbed5f93aaf6550bd34e6e0e4f00ebd7c95a39f310ca89 01cce3ecd13817b160ba5bf77322a438f82430a77da88c76cceb6e5fa0167406
SERVER_TRAFFIC_SECRET_0 cb9c951a31509399a2cbed5f93aaf6550bd34e6e0e4f00ebd7c95a39f310ca89 bf2295897daf7e4c8d0ad5fae0e3fd57d1f6712086e83d549deeb96015457554
EXPORTER_SECRET cb9c951a31509399a2cbed5f93aaf6550bd34e6e0e4f00ebd7c95a39f310ca89 e1b766fed2e3eb9f7147058606b8248380d5a9589d33a20f4b993bd69d83ecd3
CLIENT_HANDSHAKE_TRAFFIC_SECRET 5358327eb9941875af147c233a897d2a2767ad2e3d628a8d38f09524245be444 21b0a2820bc6bee60239e8345f5d0b6be834861cad0150095ebdbaa9782eadec
SERVER_HANDSHAKE_TRAFFIC_SECRET 5358327eb9941875af147c233a897d2a2767ad2e3d628a8d38f09524245be444 56bc2d29e6b4364ec02c07205e914ad17123b0a1e196de613f3aec8866bbbed2
CLIENT_HANDSHAKE_TRAFFIC_SECRET f8510d03e639987d7f4df12d53ba521a3c721b4e696fb2bce4a571d1b9f207bf d53efe450f27bb46bd398f8cb52c905545686f0b3f143c37efbc8f0fd138612a
SERVER_HANDSHAKE_TRAFFIC_SECRET f8510d03e639987d7f4df12d53ba521a3c721b4e696fb2bce4a571d1b9f207bf 3559fdd42ed1d9af101e73aab4f8c30f47e7fdec4b7917c4fed22cadd9c0c0d1
CLIENT_TRAFFIC_SECRET_0 5358327eb9941875af147c233a897d2a2767ad2e3d628a8d38f09524245be444 9d96067268bb130f5a9901f0f030ac157cff53bf2c327506282b6a2b356f5265
SERVER_TRAFFIC_SECRET_0 5358327eb9941875af147c233a897d2a2767ad2e3d628a8d38f09524245be444 7cfb5c305b99ac854699fddfb164ef21da6f76d42a19c576e5091829bd6ed740
EXPORTER_SECRET 5358327eb9941875af147c233a897d2a2767ad2e3d628a8d38f09524245be444 4e3c208c65912789120f39462a84eb71b2c87d7d6104a02df65f38e7643967ff
CLIENT_HANDSHAKE_TRAFFIC_SECRET 5866e409a148a8f3b74e7c97eaf46edb0e2b4bae199f09fc76937aa26fc500e6 37d63a457225df75c7a70a250095dc3e3504ffbd807b4067db2e82ce8aa7898a
SERVER_HANDSHAKE_TRAFFIC_SECRET 5866e409a148a8f3b74e7c97eaf46edb0e2b4bae199f09fc76937aa26fc500e6 e9c41325f5f4f38127927ac89f259114e3c7f8af3c26ace1726522eae4f63847
CLIENT_TRAFFIC_SECRET_0 f8510d03e639987d7f4df12d53ba521a3c721b4e696fb2bce4a571d1b9f207bf 44c3023cdc77f197ff5cd9bd88588b8c0585b8a92d77cf946320b8c28e5078fd
SERVER_TRAFFIC_SECRET_0 f8510d03e639987d7f4df12d53ba521a3c721b4e696fb2bce4a571d1b9f207bf 49edec1083700955e30dbfd977b5602b8f8766cebbd4f4bae9ec11a2a1465db4
EXPORTER_SECRET f8510d03e639987d7f4df12d53ba521a3c721b4e696fb2bce4a571d1b9f207bf ffe1c43f4ab5485ee79ed43b33956434844ceb568505b24be3e24910bdcc9ef8
CLIENT_HANDSHAKE_TRAFFIC_SECRET a0d661a8d33b7aa98e52e5763d0bc70dd195af370880f5bb2ec47f604a2a54ef c46a8fed18365c45b688927f5625d205b6fd1f19bb28bc5f0a8c07c534db43f2
SERVER_HANDSHAKE_TRAFFIC_SECRET a0d661a8d33b7aa98e52e5763d0bc70dd195af370880f5bb2ec47f604a2a54ef 2870917d2bb86a4bc8bf9911e81ac665305c7990961746d782343ba2d5609f3e
CLIENT_HANDSHAKE_TRAFFIC_SECRET ed6ea3d61c7ffc20b252a59c3dbc8c1b946911f935113583a7223cce155b69fb 96c9e1d78a766d091812941a701c3f9c208adc0df0004a5394db9d51f7bab35a
SERVER_HANDSHAKE_TRAFFIC_SECRET ed6ea3d61c7ffc20b252a59c3dbc8c1b946911f935113583a7223cce155b69fb 2ffeb73cea46a54d08c8f753cbcba7066d1cacf96cfb79072a4b0b3c05e0cdea
CLIENT_TRAFFIC_SECRET_0 a0d661a8d33b7aa98e52e5763d0bc70dd195af370880f5bb2ec47f604a2a54ef 4257cdfeec24df904f25e7fc16e79cf4bfa358b35dc4e37b9b78962f7a8fcdfa
SERVER_TRAFFIC_SECRET_0 a0d661a8d33b7aa98e52e5763d0bc70dd195af370880f5bb2ec47f604a2a54ef 66647015dd1347ddac2ce88ec64fdcdc1ea2c8a2e642e5ecc17e0a8aa863eace
EXPORTER_SECRET a0d661a8d33b7aa98e52e5763d0bc70dd195af370880f5bb2ec47f604a2a54ef 0d03a0abde99980fd7a6b0e459c8e0b1dfb4fe6283fc67abedeee91e5b71fa1b
CLIENT_HANDSHAKE_TRAFFIC_SECRET 2f09db9a5194a94395730746702774b48df5d6b824d6c7fdaea2103ce0c6a689 c4dbe60f5b52a85933a781ae8ee31c0ff41ecd6a338e771845fa59609e1c6332
SERVER_HANDSHAKE_TRAFFIC_SECRET 2f09db9a5194a94395730746702774b48df5d6b824d6c7fdaea2103ce0c6a689 4ca34cc10e9a22caf721a2b9c63f7c1d19d905a61c00dd31a60a7a828ce0e93d
CLIENT_HANDSHAKE_TRAFFIC_SECRET c218ea4e5259173d5df606377cb5221976f5008eae632300439203f82d307202 5f9987e4a20aac3b55c96f8767ffd312e3976faf5440d03558f3d9ff36f43602
SERVER_HANDSHAKE_TRAFFIC_SECRET c218ea4e5259173d5df606377cb5221976f5008eae632300439203f82d307202 358cd6d2bac5e18301ddb6bdbc4d81f82cd7f7532b6472f1b1e150d818082a51
CLIENT_TRAFFIC_SECRET_0 ed6ea3d61c7ffc20b252a59c3dbc8c1b946911f935113583a7223cce155b69fb ef926c87138ff4e499164d021f874552e78b7ec60204c3184fff2c30ebdbc35c
SERVER_TRAFFIC_SECRET_0 ed6ea3d61c7ffc20b252a59c3dbc8c1b946911f935113583a7223cce155b69fb 00924414a500bd9ffa89e88dae6d137cddc43f4442a159180f5c3e86c13793a4
EXPORTER_SECRET ed6ea3d61c7ffc20b252a59c3dbc8c1b946911f935113583a7223cce155b69fb 1162dda8a24631aaa655ff67885f4e8c0c817de13683ad462f8ed9755a66fdb7
CLIENT_TRAFFIC_SECRET_0 c218ea4e5259173d5df606377cb5221976f5008eae632300439203f82d307202 29b1f6c141e409f1e5f610ca500cca89bc27c36d796f1a4a825ed0afb395987a
SERVER_TRAFFIC_SECRET_0 c218ea4e5259173d5df606377cb5221976f5008eae632300439203f82d307202 95a6870dbf6f1540d24516634dadad6bc0f99336885888cf2c0324871a4b89d2
EXPORTER_SECRET c218ea4e5259173d5df606377cb5221976f5008eae632300439203f82d307202 23b101a1f3e476ebdc224344fde9dda649d2cb15b8bf2a365c6631f91a51eabb
CLIENT_TRAFFIC_SECRET_0 2f09db9a5194a94395730746702774b48df5d6b824d6c7fdaea2103ce0c6a689 ff2f334c430be31cb1d7a27b71da83d030a2c9d7d510f7b63764829f325fabe4
SERVER_TRAFFIC_SECRET_0 2f09db9a5194a94395730746702774b48df5d6b824d6c7fdaea2103ce0c6a689 b66cb85d538225cdb6b4c59b2ea225018c088a9f12c952e543eb12285a89a4c4
EXPORTER_SECRET 2f09db9a5194a94395730746702774b48df5d6b824d6c7fdaea2103ce0c6a689 c52059d7070bac356cdee20ce94cfa5c2a37267205ccf95d0b644a3b42b69983
CLIENT_TRAFFIC_SECRET_0 5866e409a148a8f3b74e7c97eaf46edb0e2b4bae199f09fc76937aa26fc500e6 c9aa5767d508a114710f306a305829b027d907c910078d7ed84c382e96b396df
SERVER_TRAFFIC_SECRET_0 5866e409a148a8f3b74e7c97eaf46edb0e2b4bae199f09fc76937aa26fc500e6 8a4d554ede331dec5f370f79025b3d24615e28d95c519c0047aa005df187c444
EXPORTER_SECRET 5866e409a148a8f3b74e7c97eaf46edb0e2b4bae199f09fc76937aa26fc500e6 e5399f43d89af36265ae279e9d6f0bdce8e5003cdcd1f6aee864d0ebbf78fbbf
CLIENT_HANDSHAKE_TRAFFIC_SECRET 715f8653a38105432f47b54f0b530a88eeddc0527e76da256f2152e7204140c3 26a30ddff84fdf37588b7df0ef63631ce060776a668d090be723623791633554
SERVER_HANDSHAKE_TRAFFIC_SECRET 715f8653a38105432f47b54f0b530a88eeddc0527e76da256f2152e7204140c3 fe77fcc6aab3c29af2dd13e405b477e26be031a29704b251b00ed32af46cbf54
CLIENT_HANDSHAKE_TRAFFIC_SECRET 6b2ebf0656abc0775d83244a589565c47a0457cf950ebed143f353db72532c76 80713a3d3c91d9eab5f0e75f490def5a5740e931a5a7445a4012a915fb1b20dd
SERVER_HANDSHAKE_TRAFFIC_SECRET 6b2ebf0656abc0775d83244a589565c47a0457cf950ebed143f353db72532c76 4cbe53fd16062dddaadf8e4e555cf310771c6bf694cb30b21597f2aefc68f334
CLIENT_TRAFFIC_SECRET_0 6b2ebf0656abc0775d83244a589565c47a0457cf950ebed143f353db72532c76 374410a584eec656c6ef50e83ac4db6314ab2c4444cf142bbb0dff9ea531e3a8
SERVER_TRAFFIC_SECRET_0 6b2ebf0656abc0775d83244a589565c47a0457cf950ebed143f353db72532c76 45d59567f1f284e46428aea4621f1cafa9488d8211b3ffd09a608df7d63c015e
EXPORTER_SECRET 6b2ebf0656abc0775d83244a589565c47a0457cf950ebed143f353db72532c76 e1370cf59139216be734ec42b25cc963b823e812b60100391e9d153be8aacb5e
CLIENT_TRAFFIC_SECRET_0 715f8653a38105432f47b54f0b530a88eeddc0527e76da256f2152e7204140c3 3e06329f9e0dc293b6d2766e3d077739aad4ca93a7bbb0d99b75258cfa28d3f8
SERVER_TRAFFIC_SECRET_0 715f8653a38105432f47b54f0b530a88eeddc0527e76da256f2152e7204140c3 4bc61b9d5b2c881cda97306f111c3a24cca93d080eec9812ecc40db83d03feb6
EXPORTER_SECRET 715f8653a38105432f47b54f0b530a88eeddc0527e76da256f2152e7204140c3 fa606a9e3737539d1912717cae56fe0d19f19f96585e2eff3b63a26dc03fd796
CLIENT_HANDSHAKE_TRAFFIC_SECRET cff3ea48b1463b563d139644c6824d6a6e910af9b2497f553bb5f0cf3ed6f944 1734ab22e8332ea7239f6b1797eb946dfd3ebffea6352df22530cbc39a187f76
SERVER_HANDSHAKE_TRAFFIC_SECRET cff3ea48b1463b563d139644c6824d6a6e910af9b2497f553bb5f0cf3ed6f944 ba9d0bb684f15572d384066ced362e713f1a02db643a86a8264ad9430caa9bd7
CLIENT_TRAFFIC_SECRET_0 cff3ea48b1463b563d139644c6824d6a6e910af9b2497f553bb5f0cf3ed6f944 7041d118f377b2dcf716924c1bb5e8e6707b8f0eb3c3666c025850b8d582266a
SERVER_TRAFFIC_SECRET_0 cff3ea48b1463b563d139644c6824d6a6e910af9b2497f553bb5f0cf3ed6f944 80eb388fdfab19749dbc08fcf907c1c7133374b4810c0ae5ae7b1123ed3ec90e
EXPORTER_SECRET cff3ea48b1463b563d139644c6824d6a6e910af9b2497f553bb5f0cf3ed6f944 900e451da6fe2dec44f274e50934de1a9625480c117299bf0a0b3c1645d72f30
CLIENT_HANDSHAKE_TRAFFIC_SECRET c5905db8cfbab25c3b1b33ceca98beefdec3f252bf12e8cf781f3d8ec4309ba5 5807e16e051ba15d08f62fe31b0a8eb6830fd6503c3cda9573b629c49e4aed8b
SERVER_HANDSHAKE_TRAFFIC_SECRET c5905db8cfbab25c3b1b33ceca98beefdec3f252bf12e8cf781f3d8ec4309ba5 a1749c2e9e55599eeb9a81863db08a40a832d5a0d8d6e43c4e3aa3012a3326fb
CLIENT_TRAFFIC_SECRET_0 c5905db8cfbab25c3b1b33ceca98beefdec3f252bf12e8cf781f3d8ec4309ba5 952bbfaaa52fa19518c5d0a9d1370a203dac70c0d14a5972f6f235a7d588372e
SERVER_TRAFFIC_SECRET_0 c5905db8cfbab25c3b1b33ceca98beefdec3f252bf12e8cf781f3d8ec4309ba5 420fd795855792a0255496b0b2670cf03ab9fb76a4c3442decbc1bdfcf4442f0
EXPORTER_SECRET c5905db8cfbab25c3b1b33ceca98beefdec3f252bf12e8cf781f3d8ec4309ba5 42b4878197ae51bb3156fe1a29956767db0ab44d6c9a69ccf177bcbe2e56af4b
CLIENT_HANDSHAKE_TRAFFIC_SECRET d71d36d1795b5e48c7fb5370e952c869ed62075561f432be57ce91c57c927319 2e0aa2d29b4de64a6a8c1c054b7e7439b6ad3b7b29c73e3a09660df420900e0b
SERVER_HANDSHAKE_TRAFFIC_SECRET d71d36d1795b5e48c7fb5370e952c869ed62075561f432be57ce91c57c927319 f94b6996e2f9da7c7c1db91b16bd055223b15252472b980fcbbae5e8d4fbe482
CLIENT_TRAFFIC_SECRET_0 d71d36d1795b5e48c7fb5370e952c869ed62075561f432be57ce91c57c927319 b996bf1a18efbc44d81d7bcb0a87b673ef6ea11f43344bfa03bd9f16fe47ac92
SERVER_TRAFFIC_SECRET_0 d71d36d1795b5e48c7fb5370e952c869ed62075561f432be57ce91c57c927319 c1fd388e26e43954774c72583936c1d0cdb6104d583cb02a287ff6188f9749a5
EXPORTER_SECRET d71d36d1795b5e48c7fb5370e952c869ed62075561f432be57ce91c57c927319 2805c0eb1e2f899906b39cc769ef5c8fbb4760e74d35f6534fab8c3e90958c95
CLIENT_HANDSHAKE_TRAFFIC_SECRET e4c8f4d2134770a02ecf2e1bf4c2c9c450f4474db0e67d15a5ceb0aaeb796157 2695864a96143d83c37cd9b5b22186d06215353652070643db380db240b8d2c4
SERVER_HANDSHAKE_TRAFFIC_SECRET e4c8f4d2134770a02ecf2e1bf4c2c9c450f4474db0e67d15a5ceb0aaeb796157 64e09761143e2872a7d700a83916947442ab8f0e871bbdb3b0f6804e61cbba2a
CLIENT_TRAFFIC_SECRET_0 e4c8f4d2134770a02ecf2e1bf4c2c9c450f4474db0e67d15a5ceb0aaeb796157 1655ebfbcea451c0fa5304339112609f5a89b30f614a986e3666a06a76f3d092
SERVER_TRAFFIC_SECRET_0 e4c8f4d2134770a02ecf2e1bf4c2c9c450f4474db0e67d15a5ceb0aaeb796157 f5d06ea142b4c65e81a26e45c118bbf202c51ee74c1b646408e4dfa561efd756
EXPORTER_SECRET e4c8f4d2134770a02ecf2e1bf4c2c9c450f4474db0e67d15a5ceb0aaeb796157 869a553d46f212420c34920f7d99a3ae63620edeb97198ceea847192099e8737
CLIENT_HANDSHAKE_TRAFFIC_SECRET f16f7c8e530060f21a65ecdd79842b98a6641eb376d547fa831242392e0528b6 59fff2a75a4b9946934bcb17cf24d26bd7189113b08ec0449b8dad1e20cd6754
SERVER_HANDSHAKE_TRAFFIC_SECRET f16f7c8e530060f21a65ecdd79842b98a6641eb376d547fa831242392e0528b6 f5b154295f0f7b6365d6b279510a13333d7b264e6ab81a2bcfdebce455125be3
CLIENT_TRAFFIC_SECRET_0 f16f7c8e530060f21a65ecdd79842b98a6641eb376d547fa831242392e0528b6 7f8e0ae6cfa28c7b22d88bf8413150e9b38a4806bf2b8e6db3316e9e63d944ab
SERVER_TRAFFIC_SECRET_0 f16f7c8e530060f21a65ecdd79842b98a6641eb376d547fa831242392e0528b6 706d5634e4de19a16324edf2d3a2b2a47de0f7f3f293f626150c1092f4acd5fd
EXPORTER_SECRET f16f7c8e530060f21a65ecdd79842b98a6641eb376d547fa831242392e0528b6 e3a469de8dffa0a4a157267b4ba55550331b15912cabc6cebee90ddd263e9dd1
CLIENT_HANDSHAKE_TRAFFIC_SECRET a5b5e7bce3acd22bacd87e331b99f967cccddbe6d4481a274ce5ae602af59bfe 654434af4074cb4acf75d8aa7c7efaea867328824f4fd5b7555f33861258f2e9
SERVER_HANDSHAKE_TRAFFIC_SECRET a5b5e7bce3acd22bacd87e331b99f967cccddbe6d4481a274ce5ae602af59bfe 334989719644b1394ca1abb39cdb8d975b3be6551d0c0b1971597967f1017af3
CLIENT_HANDSHAKE_TRAFFIC_SECRET 4419a86afaae0ecd7cc5dc293978f9849195e376d2154db885ddf8e705a1045c 932e6076b3485bebf8f40a7b418c474030fc2b6897363017e7f0baf951c95c60
SERVER_HANDSHAKE_TRAFFIC_SECRET 4419a86afaae0ecd7cc5dc293978f9849195e376d2154db885ddf8e705a1045c 2ffe9e2ccc3e2884d0eaa297e7cc7dba7f6b1f1dee69a780cd509f0aaa52836b
CLIENT_TRAFFIC_SECRET_0 4419a86afaae0ecd7cc5dc293978f9849195e376d2154db885ddf8e705a1045c 12586db3aa02a5ab17f0d5945eb17a18cc8470dcc8301cb53a16faff05ca9fd8
SERVER_TRAFFIC_SECRET_0 4419a86afaae0ecd7cc5dc293978f9849195e376d2154db885ddf8e705a1045c afe8b9deb0f799d6106928cbbd93b08c3c531f5a490a67f30815ce6ca8c97820
EXPORTER_SECRET 4419a86afaae0ecd7cc5dc293978f9849195e376d2154db885ddf8e705a1045c b7ff64d9b9039fc298acf97d9918d0db74a42c310a2c521eebdb7c201fd07f18
CLIENT_TRAFFIC_SECRET_0 a5b5e7bce3acd22bacd87e331b99f967cccddbe6d4481a274ce5ae602af59bfe 80c490900d1b24da43b7ee1a650f9d4fe9f6438d0974e535abeed8f48972e8ee
SERVER_TRAFFIC_SECRET_0 a5b5e7bce3acd22bacd87e331b99f967cccddbe6d4481a274ce5ae602af59bfe f5cc8fee28e64f31cfc129d04cb5c7ab8ec4bde286e445a42ded9ccbb7c2bc58
EXPORTER_SECRET a5b5e7bce3acd22bacd87e331b99f967cccddbe6d4481a274ce5ae602af59bfe 5d5ab3b7a6877ed1ef3b03707ff8cfb7f8658a785273cd88613cac3f5b8ce21d
CLIENT_HANDSHAKE_TRAFFIC_SECRET 85db440c87cf320b012623b85a3ba6f0967894187f707578bcaf4095efe9413d c607569c1384a339e1c783405ea694f28447d71c2862103c21dd1b7a62c0a5da
SERVER_HANDSHAKE_TRAFFIC_SECRET 85db440c87cf320b012623b85a3ba6f0967894187f707578bcaf4095efe9413d dbb2c8af13c9f1d80580295414c8b82d0a42299ca5256cea5bc61e58f9b178de
CLIENT_TRAFFIC_SECRET_0 85db440c87cf320b012623b85a3ba6f0967894187f707578bcaf4095efe9413d 1d3e47ff1a3cadd110f81f3774179bd060c4e3c142c79a84c32506dd8e8467ca
SERVER_TRAFFIC_SECRET_0 85db440c87cf320b012623b85a3ba6f0967894187f707578bcaf4095efe9413d 5d7cdcdd7db787a9187db14312eeeec65a624e13b252c4a463c0d069d6ed5a64
EXPORTER_SECRET 85db440c87cf320b012623b85a3ba6f0967894187f707578bcaf4095efe9413d 6a7fcd01a147cfd052d2ac955975160b712fca2459f5237ba72b7ef819254299
CLIENT_HANDSHAKE_TRAFFIC_SECRET d7a95b4d1f7f913dcc63556ec80fb8be954ff0ba511bfea16aade9f380de38bb 08342d7b1af71ea13bd8fdafd3ecbc6362a1645b4feafe55db60fb8fb0a639f6
SERVER_HANDSHAKE_TRAFFIC_SECRET d7a95b4d1f7f913dcc63556ec80fb8be954ff0ba511bfea16aade9f380de38bb 7b4e33c8b6eb5daaccda4bfbd4e18733ae5917c3560f90667e7d4a38b06103a3
CLIENT_TRAFFIC_SECRET_0 d7a95b4d1f7f913dcc63556ec80fb8be954ff0ba511bfea16aade9f380de38bb 128900713506f625639890f32546117de32ab54496dfd4f892e146461c19679e
SERVER_TRAFFIC_SECRET_0 d7a95b4d1f7f913dcc63556ec80fb8be954ff0ba511bfea16aade9f380de38bb 9e991a271d8fc004558e20f9dde019a57daaa394f5332cb3b86de5194f4c0b74
EXPORTER_SECRET d7a95b4d1f7f913dcc63556ec80fb8be954ff0ba511bfea16aade9f380de38bb e95dfaf97397fc749e7857694aa2ff563ba60d4884ce6b2e63d57dc7c29dbee1
CLIENT_HANDSHAKE_TRAFFIC_SECRET 9ee105d73d22cb8f6b103e9423fe3683bd410c341d5196e091a3f5e0351da046 62319b001f612dad88a9d86ac3d0edb42d6cbf7bb772002785e05470fe8945b9323606364ce331317c70f00d2ab30e40
SERVER_HANDSHAKE_TRAFFIC_SECRET 9ee105d73d22cb8f6b103e9423fe3683bd410c341d5196e091a3f5e0351da046 23143f76d2242973dd42768db51db09dec7da3c7920a31e2652b2c810a42133820c475eba2f892891f49720317c21fe1
CLIENT_TRAFFIC_SECRET_0 9ee105d73d22cb8f6b103e9423fe3683bd410c341d5196e091a3f5e0351da046 f51c9673a88ee8e928e6a013dd8469f2e7ca8d8a6a1e57cae57fa6ab37b367417339c64e752257801d42f3d429be8f38
SERVER_TRAFFIC_SECRET_0 9ee105d73d22cb8f6b103e9423fe3683bd410c341d5196e091a3f5e0351da046 d894b53dd88512d9222753cdd93521ba4136d371e1bba7685e3277764983c008d2c2f27330228721f64f60689475b062
EXPORTER_SECRET 9ee105d73d22cb8f6b103e9423fe3683bd410c341d5196e091a3f5e0351da046 4bec485b37f3ac34abb1b642caa77d4eafc2653550218b9aa6b9f652e93625604274af22eefdbb729d489a7b63570a25
CLIENT_HANDSHAKE_TRAFFIC_SECRET 801292f0426bf6e41a48f7aa12a72152fd2a822da87336025fd2c724a1530b4c 26a34fa5f36f9127bfc89e17219413e165f93514ca4260cffecb9aa3199b5b93557bf25b42a1dc1045c2041e93ad9d67
SERVER_HANDSHAKE_TRAFFIC_SECRET 801292f0426bf6e41a48f7aa12a72152fd2a822da87336025fd2c724a1530b4c 558f44ce8985c7730ba22027ffdcd93f0f8a21a3cda6bedc9d72016df832c1352afae9cef38af0f7ffafece7b586a649
CLIENT_TRAFFIC_SECRET_0 801292f0426bf6e41a48f7aa12a72152fd2a822da87336025fd2c724a1530b4c 5662ea0963d22c47553cdf1e79d1644133c22415bcacf00c87c68a459de38105dc6bdfc7c797dcc5a0adbbb90255471f
SERVER_TRAFFIC_SECRET_0 801292f0426bf6e41a48f7aa12a72152fd2a822da87336025fd2c724a1530b4c 8c311945ff2c2fb2f61b28812142a5e6e02a9dc25fdb7b0705cbdc70f37365d7f581b07665212ca47d0d15ef1e530462
EXPORTER_SECRET 801292f0426bf6e41a48f7aa12a72152fd2a822da87336025fd2c724a1530b4c 05923c9a68b9fc86db75e8a6a5f1da1c463b328f60faf51eaf0b18c506faccf45d4b9e8b3f06d91ace70705d8b485087
CLIENT_HANDSHAKE_TRAFFIC_SECRET 737ce23068e47a8e4d679a3cd2de602d39bb5a98610b5777b68acfae1b6571a9 672f6b50e62d374e0c99e08837cf003fbce5c6b8714c6e828943dea7deefddb082b65ef228d567ddad6878c621c6ad1c
SERVER_HANDSHAKE_TRAFFIC_SECRET 737ce23068e47a8e4d679a3cd2de602d39bb5a98610b5777b68acfae1b6571a9 7bba1b2a2c28f9ca02f2e452b0398efc46e0bf54b2edb2e93b5c8348e51dac5f7a09945e83b8020bad925cb1bac10f9a
CLIENT_TRAFFIC_SECRET_0 737ce23068e47a8e4d679a3cd2de602d39bb5a98610b5777b68acfae1b6571a9 d040fad4880fd89d184f414a581bd0d43af2216b9cfc1db1b2f3a4c26e8d83e6c980478b7dac76b3c17bb116e9241020
SERVER_TRAFFIC_SECRET_0 737ce23068e47a8e4d679a3cd2de602d39bb5a98610b5777b68acfae1b6571a9 9cfcbd5033beb34a91a8c59e10582ce69934433296c493cfd7570b9800baf381c2be5aae7560c303ea2cdf037ecc82ca
EXPORTER_SECRET 737ce23068e47a8e4d679a3cd2de602d39bb5a98610b5777b68acfae1b6571a9 a96a7bad20a69edead8372610909edd5f364168922b80c8f380e0fa4b5f9df9bc53ece2399a89c05698673f1480775cb
CLIENT_HANDSHAKE_TRAFFIC_SECRET bdc7dc15a9970addccdb9922717841e53a8318fb7a13420cee084c2ff49c3b9a 7d38d2af2951048998ecd99308fba990bb6e63ce745c00690d822b1940ce6631d72d6119d7ecacf7ca558859c74b7060
SERVER_HANDSHAKE_TRAFFIC_SECRET bdc7dc15a9970addccdb9922717841e53a8318fb7a13420cee084c2ff49c3b9a f2c7132fe8ae7520da740ce6288b765c8a9c969db7a690e585d399baf39729091340d4a27bfc727f71c36f3ed319d34f
CLIENT_TRAFFIC_SECRET_0 bdc7dc15a9970addccdb9922717841e53a8318fb7a13420cee084c2ff49c3b9a ad14a49fc4c8f8ecc98ef4b0899cdd843fcd2b69813ee21ec61c09656c661507a118fe5552b3d5da3563cfc7c2ceab8c
SERVER_TRAFFIC_SECRET_0 bdc7dc15a9970addccdb9922717841e53a8318fb7a13420cee084c2ff49c3b9a 788817520c7b7c50eeac27b938fcea4984ab669b2a35ce44e06de36e77876e1f5af3b4abd1c29647c4fc2c9616a74f9f
EXPORTER_SECRET bdc7dc15a9970addccdb9922717841e53a8318fb7a13420cee084c2ff49c3b9a 81563c104a2705240a04334dedd6ac3b4767e822a99d78906ebbbd783c45fa51980e4885eef064913e514da8ffbb69cb
CLIENT_EARLY_TRAFFIC_SECRET bc86c794aec8fd7e504c244ec244b5375c92c9c534efbbf75cd703491f93951b 4dccbd89bf27ff4af0c544f85dd71134725588fc24820b818d5a05d3f256617b
EARLY_EXPORTER_SECRET bc86c794aec8fd7e504c244ec244b5375c92c9c534efbbf75cd703491f93951b 4ceae785e3a93ba8a84d7de132bc2e8f48299e2cd44d22b1a1ee3c1849700352
CLIENT_HANDSHAKE_TRAFFIC_SECRET 974242c02ad186b2ca360fa5880f1e822a65dd9ee212afb52a3f0e14e118a9cd 4de23cbd3ae8f9cb3725fdb8895b129ad4551faa4febf7d21ab6ba7623c8b6d6c176fd7388f05258318812d65d57056a
SERVER_HANDSHAKE_TRAFFIC_SECRET 974242c02ad186b2ca360fa5880f1e822a65dd9ee212afb52a3f0e14e118a9cd b8b19c590416267d1010e2447ff5450bc3113c2df07c27f4d34d611fe2abd9cca950d47d06879db9c51ce36ecfa3bb97
CLIENT_TRAFFIC_SECRET_0 974242c02ad186b2ca360fa5880f1e822a65dd9ee212afb52a3f0e14e118a9cd 7f81d86a0fb3a25b976f1fda84c926bb35f77c7f58a560aebd8c6029c77b3e52348963ed2a15d612242caa42cf9461e5
SERVER_TRAFFIC_SECRET_0 974242c02ad186b2ca360fa5880f1e822a65dd9ee212afb52a3f0e14e118a9cd 44653db0a560178f38cab64ab50700927b020d8ae6a00dc6fed369a976b49d94c1af07d14fd5f3168e90711c37ec199d
EXPORTER_SECRET 974242c02ad186b2ca360fa5880f1e822a65dd9ee212afb52a3f0e14e118a9cd b9f226efd4451d9d8c05e5e5347693da6416f895acb79a7704a46f59175c21fbac92f13d89fe26d2c13c21c662748625
CLIENT_HANDSHAKE_TRAFFIC_SECRET bc86c794aec8fd7e504c244ec244b5375c92c9c534efbbf75cd703491f93951b ac0bcfef4fb0f584ac5a5040586e19b791c6150f5b9bc25576bb5364e5aec68d
SERVER_HANDSHAKE_TRAFFIC_SECRET bc86c794aec8fd7e504c244ec244b5375c92c9c534efbbf75cd703491f93951b 66a0b0f5927f4cba04f818d8582d9427b5e9997e9cf69691edac72f845c92f64
CLIENT_TRAFFIC_SECRET_0 bc86c794aec8fd7e504c244ec244b5375c92c9c534efbbf75cd703491f93951b 3764da5b7270e76c3d3fc226e746be09c9a8c0fdc87fe4343ece0c00d2e0145c
SERVER_TRAFFIC_SECRET_0 bc86c794aec8fd7e504c244ec244b5375c92c9c534efbbf75cd703491f93951b a3e1e19bd3ebe39da1f1bff4660b2493173ece77cafc63100724ce4a9d5cab24
EXPORTER_SECRET bc86c794aec8fd7e504c244ec244b5375c92c9c534efbbf75cd703491f93951b d31fc5232ecb05de6de94a3bfdcb99b0e71316f0627c54f18b65fc511f20593d
CLIENT_HANDSHAKE_TRAFFIC_SECRET aea09e0ab6cd3b7ff13e67485e2a740e839a1d42460c67c40a4c05cab2a22f89 31f248354687e7270f6b0debff01ed74a86bd8041abd81488b5df6a9239d0689
SERVER_HANDSHAKE_TRAFFIC_SECRET aea09e0ab6cd3b7ff13e67485e2a740e839a1d42460c67c40a4c05cab2a22f89 753ecb44b3751d78e55e2fc2d15d75c76c88d9c29fb1ea86ff80039a2a3d217b
CLIENT_TRAFFIC_SECRET_0 aea09e0ab6cd3b7ff13e67485e2a740e839a1d42460c67c40a4c05cab2a22f89 f26589bdd383933c90a1fff090cd2a6af2e8ffe02009c10c52e6254029e4bf8f
SERVER_TRAFFIC_SECRET_0 aea09e0ab6cd3b7ff13e67485e2a740e839a1d42460c67c40a4c05cab2a22f89 349fdb470a5741b45ef1abb015c78ff16b9fb68bdc5b40a6fc66bda638bd4016
EXPORTER_SECRET aea09e0ab6cd3b7ff13e67485e2a740e839a1d42460c67c40a4c05cab2a22f89 6574f9c49e14b253b74e2b47d9542a555a56b311bf0dafc40ca5c2a9e4e18fc3
CLIENT_HANDSHAKE_TRAFFIC_SECRET d8965c65a117e088628a8d669b0a51e15fc5eec499fc2783f2d7e4826d7c26c1 2cb9b32facff7a8338278ee05505ee64f3509a49a32c26a265c1e8a708ca3fd0
SERVER_HANDSHAKE_TRAFFIC_SECRET d8965c65a117e088628a8d669b0a51e15fc5eec499fc2783f2d7e4826d7c26c1 c2f310101826f16f0d5cd4ded57f51fcac8f976883da9e0b7ee602ff2d778c4c
CLIENT_TRAFFIC_SECRET_0 d8965c65a117e088628a8d669b0a51e15fc5eec499fc2783f2d7e4826d7c26c1 41bbb4f7e0d1752deefc43bd8f78e5c37479b1fce6bf6e80b27e220aed3ebeaa
SERVER_TRAFFIC_SECRET_0 d8965c65a117e088628a8d669b0a51e15fc5eec499fc2783f2d7e4826d7c26c1 7eb951b8d7f54f1562c24329afed6f338faec33a66024fc66e24a58161759ad0
EXPORTER_SECRET d8965c65a117e088628a8d669b0a51e15fc5eec499fc2783f2d7e4826d7c26c1 120489fea2201a8ccff04e91339c9966fd32fb3e1a6e6314b667dae9e89af937
CLIENT_HANDSHAKE_TRAFFIC_SECRET 1caf3c5a3541b90f7a5e90bd2179f96070ed130847f31774ea6b105473667322 64d8a925088b9dadb3cf9022b2ab75cd419f1929e7e50627d8692d23fcfac3d4
SERVER_HANDSHAKE_TRAFFIC_SECRET 1caf3c5a3541b90f7a5e90bd2179f96070ed130847f31774ea6b105473667322 b13846ae3b88c102e5677f758bf4704f47f5c4f57cd8ad4f6d2914b523642631
CLIENT_TRAFFIC_SECRET_0 1caf3c5a3541b90f7a5e90bd2179f96070ed130847f31774ea6b105473667322 79157bcdadfdc466a36fbac174da75445c575eec8309b89e05a437090788af76
SERVER_TRAFFIC_SECRET_0 1caf3c5a3541b90f7a5e90bd2179f96070ed130847f31774ea6b105473667322 a8ca06fb1dd18ce1b735284eb4bef8253267a5b5ff2eab57ddc421343067f55d
EXPORTER_SECRET 1caf3c5a3541b90f7a5e90bd2179f96070ed130847f31774ea6b105473667322 b371a35f94fec36121e5883bd38881593f612ab471ce49f623244588409bdb00
CLIENT_HANDSHAKE_TRAFFIC_SECRET 1e9340371726598a17bfe3bfe1e58aaeb6f061acf81a0e2380d474aa0bbd37c9 c54f53318a06bd7b285b8478db7d64e765074f8a5247e02f2980f8b8dfeca95b
SERVER_HANDSHAKE_TRAFFIC_SECRET 1e9340371726598a17bfe3bfe1e58aaeb6f061acf81a0e2380d474aa0bbd37c9 48d103b1c16eb23f35222f977bf10701e7edf35a08530dcee7261f4c017eb9bb
CLIENT_TRAFFIC_SECRET_0 1e9340371726598a17bfe3bfe1e58aaeb6f061acf81a0e2380d474aa0bbd37c9 e26aa39648d22092c2b30d5610b9b0010c91cd34b243d6af5d934867aaee161a
SERVER_TRAFFIC_SECRET_0 1e9340371726598a17bfe3bfe1e58aaeb6f061acf81a0e2380d474aa0bbd37c9 278c2a873ed3ca3a01825715a66bf9475e3c5ec299b85031112facbd8c90ad63
EXPORTER_SECRET 1e9340371726598a17bfe3bfe1e58aaeb6f061acf81a0e2380d474aa0bbd37c9 9db482592f0b32cccf615b0552c6544c07464086cf46119d1dfc30eae7b7e61c
CLIENT_HANDSHAKE_TRAFFIC_SECRET 182bf6e2cf6987322137ae97a3084b5f5725c43c41dcf2801b924a89cce529c1 480a5f5872b9be4b4928b5e243f152714339d080867d0fd56d63bc4da92008c1
SERVER_HANDSHAKE_TRAFFIC_SECRET 182bf6e2cf6987322137ae97a3084b5f5725c43c41dcf2801b924a89cce529c1 c7a38253e3ae3f03500afe3c2272ab1e566ab463162510c7468fe8d7797a05ec
CLIENT_TRAFFIC_SECRET_0 182bf6e2cf6987322137ae97a3084b5f5725c43c41dcf2801b924a89cce529c1 bb89ea7f51d6ecb7cf25b90053f6c2a0cb98a03b4b31eb7d19f41b1e09cd230e
SERVER_TRAFFIC_SECRET_0 182bf6e2cf6987322137ae97a3084b5f5725c43c41dcf2801b924a89cce529c1 c535a7be362d7531d173a30ae329c0d10d1b64b03036d0fc1328a213f9480b7e
EXPORTER_SECRET 182bf6e2cf6987322137ae97a3084b5f5725c43c41dcf2801b924a89cce529c1 042ed1fb324bdd10f034322355dc85175b9c1f45227df70521147babb6af80f8
CLIENT_HANDSHAKE_TRAFFIC_SECRET fdfef18ae5ff4f148281cfa3011995295cd9f8304b59d4e6896befa12045362a 125002974540b041664c1fd59950a9a4e50975b1cf68a739c8953a1a5d4cad14
SERVER_HANDSHAKE_TRAFFIC_SECRET fdfef18ae5ff4f148281cfa3011995295cd9f8304b59d4e6896befa12045362a 5bc4ee517448ab936fa3831cb6c81299891efb82d0c47a9a8002f9fba6722f2a
CLIENT_TRAFFIC_SECRET_0 fdfef18ae5ff4f148281cfa3011995295cd9f8304b59d4e6896befa12045362a eafce7838afae665e0dc5741dcf9729ae7c7b3f2dabc218db1ab8d843fbc101c
SERVER_TRAFFIC_SECRET_0 fdfef18ae5ff4f148281cfa3011995295cd9f8304b59d4e6896befa12045362a 300a714e274baa6ce65d601d990f1331fb893ade3ef8c92f62273e85ff58535a
EXPORTER_SECRET fdfef18ae5ff4f148281cfa3011995295cd9f8304b59d4e6896befa12045362a 328ba01695d5e90003c89611f16e25ebda76820dcd4a5c4daf286fe78dd750c3
CLIENT_HANDSHAKE_TRAFFIC_SECRET 7c1685e9506afca5440b255b7ee842b8dedfd366fa6b699052afb386bf8722bb 03106edfd51871872776fb75b161d3e5967e1ad3d7860cfc03dd37869e6aef0d
SERVER_HANDSHAKE_TRAFFIC_SECRET 7c1685e9506afca5440b255b7ee842b8dedfd366fa6b699052afb386bf8722bb b9faeba42026583a5bb1908db862186c5a34578eeb41b79fe4b69a8c3d87d883
CLIENT_TRAFFIC_SECRET_0 7c1685e9506afca5440b255b7ee842b8dedfd366fa6b699052afb386bf8722bb 55fd73b74e1b3966caaf031cd154a473156a1126713b75191ebfa4f1a15aa651
SERVER_TRAFFIC_SECRET_0 7c1685e9506afca5440b255b7ee842b8dedfd366fa6b699052afb386bf8722bb 19d07c7bf5e9fb5b3286ad2cd537cea06cdc61c228f6c89fb072acfe44fc4071
EXPORTER_SECRET 7c1685e9506afca5440b255b7ee842b8dedfd366fa6b699052afb386bf8722bb 552c06b52b62f0f476aaa08f02f12dfb9cb042a95ef3eb2bdbffa9760f4ac2b2
CLIENT_HANDSHAKE_TRAFFIC_SECRET b180041e679ffa70c3cb1353a89950a6f8f31838f5d28500f61a29967a40416d d10a68315a02186ea4e5ebe6b7fe73209c7d25e329bc5fa9511bc12d353a5c72
SERVER_HANDSHAKE_TRAFFIC_SECRET b180041e679ffa70c3cb1353a89950a6f8f31838f5d28500f61a29967a40416d bfd1970da8a5aa62c2c9e0cc661420e4bec05cdf55027ef77b672a8da2f69157
CLIENT_TRAFFIC_SECRET_0 b180041e679ffa70c3cb1353a89950a6f8f31838f5d28500f61a29967a40416d 420af6bde7e433446509f58d0b9fa95a56b43f787875ea4faffe5ba9d508e1ca
SERVER_TRAFFIC_SECRET_0 b180041e679ffa70c3cb1353a89950a6f8f31838f5d28500f61a29967a40416d 793ff56992851cc09282859db1357da9e72e4acbd58583c3eb9c8791179e81ad
EXPORTER_SECRET b180041e679ffa70c3cb1353a89950a6f8f31838f5d28500f61a29967a40416d f5628832bb467361115a997888f26a9251dda5ad9bc125e6210af709b41dca0a
CLIENT_HANDSHAKE_TRAFFIC_SECRET 158d76063206644fb14d43844340e0d74da9cbc9b909426706f14ab61cb71c22 0a1e38a3612a11ee47a7585c092328396755e7be5af2a64c658637cabe3e87b8
SERVER_HANDSHAKE_TRAFFIC_SECRET 158d76063206644fb14d43844340e0d74da9cbc9b909426706f14ab61cb71c22 1fd51b28a6cea4953d24012666057b733ef56f399ea68be5e8fe873476e0d7a6
CLIENT_TRAFFIC_SECRET_0 158d76063206644fb14d43844340e0d74da9cbc9b909426706f14ab61cb71c22 90a2d66ebd439e4026214dfb136b8c7bb492a96a0a659f8ffcc544667eef5ec2
SERVER_TRAFFIC_SECRET_0 158d76063206644fb14d43844340e0d74da9cbc9b909426706f14ab61cb71c22 05c052bc442f3954bb1785db33a5630726a0c9a94b4505a3e00af91a92bc94b3
EXPORTER_SECRET 158d76063206644fb14d43844340e0d74da9cbc9b909426706f14ab61cb71c22 49c9d8c01e37167c20c45150c75d920629d199eaeb7ea2086a9faf877891c170
CLIENT_HANDSHAKE_TRAFFIC_SECRET cd139ee02e90936511f73001ece5b221171f89c30b50f45451756c7e8a97eca0 8cf8f8cb2fd5a977080830ed087ffbba32f30011f6a956ccb6821dd89037b41b
SERVER_HANDSHAKE_TRAFFIC_SECRET cd139ee02e90936511f73001ece5b221171f89c30b50f45451756c7e8a97eca0 bf197443eed7311ac3613e994160fb4c329a47d56e87f95dbe3f4cb054d9ec54
CLIENT_TRAFFIC_SECRET_0 cd139ee02e90936511f73001ece5b221171f89c30b50f45451756c7e8a97eca0 26a387caadc47e9c1a41f9fb1a1208fc3d0609ec4522ea43fbef91db574713d1
SERVER_TRAFFIC_SECRET_0 cd139ee02e90936511f73001ece5b221171f89c30b50f45451756c7e8a97eca0 efd8a0653910772fc9addd8dbacf7bc9b156e6bb0e58ce4ebb20f6b4f7d0fa0b
EXPORTER_SECRET cd139ee02e90936511f73001ece5b221171f89c30b50f45451756c7e8a97eca0 358be3df74ca2e6b7e742e087600eee17bcdf7ed98aeb22eecf033021bde144d
CLIENT_HANDSHAKE_TRAFFIC_SECRET 226ab050aa0ed17f75040044cf5c13f1427ad3a7fd86a7051156ef38d02d2072 73e9bf1e89bf0c34ece5eadfb0789cb4410e11dfd3894d9c8e8790ce90ddf1d2
SERVER_HANDSHAKE_TRAFFIC_SECRET 226ab050aa0ed17f75040044cf5c13f1427ad3a7fd86a7051156ef38d02d2072 feb21372d1ec92b2a4cce2eb8cbd156f97aea5aa4bc25122047d93779cd71c35
CLIENT_TRAFFIC_SECRET_0 226ab050aa0ed17f75040044cf5c13f1427ad3a7fd86a7051156ef38d02d2072 126c33eba0c994f84253ca751b38f0739aeeab6450cd5c8fe4fbaa3a1e09f928
SERVER_TRAFFIC_SECRET_0 226ab050aa0ed17f75040044cf5c13f1427ad3a7fd86a7051156ef38d02d2072 eb43b54b9ecf68bafd34a303e58466b79187e00a23c06689cc46ccb2fd62d4ab
EXPORTER_SECRET 226ab050aa0ed17f75040044cf5c13f1427ad3a7fd86a7051156ef38d02d2072 41469e5f6cba8146c20c4635ebb4e1a9769bf5e1fedcc709d511a19d31f3fc03
CLIENT_HANDSHAKE_TRAFFIC_SECRET 91127aecb15db9991694061eb8314365342afcdf61d711456331c4b7c2ef0092 2a742a528d4ecf4580788135c3654eb6b40138841b89ebbed56f4bdef3f895eb
SERVER_HANDSHAKE_TRAFFIC_SECRET 91127aecb15db9991694061eb8314365342afcdf61d711456331c4b7c2ef0092 9039647b0045fba88c0d6887ba67e1c19c61cbf578b06102713ee546580bedd5
CLIENT_TRAFFIC_SECRET_0 91127aecb15db9991694061eb8314365342afcdf61d711456331c4b7c2ef0092 295aceb3b612f6cf2ac9f759443475102836f68eb96a337a6cabf644bfb26ffa
SERVER_TRAFFIC_SECRET_0 91127aecb15db9991694061eb8314365342afcdf61d711456331c4b7c2ef0092 a5244e5311c7724983103d7f9218801e3affa667d1d835721f7789e035bf6ee9
EXPORTER_SECRET 91127aecb15db9991694061eb8314365342afcdf61d711456331c4b7c2ef0092 7d92db2e986015086ec594a40b9d4847a39d892ebd67f6192def2d9dc5bfb381
CLIENT_EARLY_TRAFFIC_SECRET f108624e82ad90ad00495f988567f6e4f76d2cf60f0c2bd62469a64a7b896229 5785576907270220cbe07595483753dcefa8d86d6a21ab7ffcd8e48e96d75c80
EARLY_EXPORTER_SECRET f108624e82ad90ad00495f988567f6e4f76d2cf60f0c2bd62469a64a7b896229 f48eacb73d3c9b3ccd770d1296b129871e51b2080eb267fd953f9df5895c0920
CLIENT_HANDSHAKE_TRAFFIC_SECRET f108624e82ad90ad00495f988567f6e4f76d2cf60f0c2bd62469a64a7b896229 b6dbecaa76c8380baa025c161f04537499dac04c297b3f392877cded8bf5d10c
SERVER_HANDSHAKE_TRAFFIC_SECRET f108624e82ad90ad00495f988567f6e4f76d2cf60f0c2bd62469a64a7b896229 a5289196dc9f3eced1ff0cc0528b3825de315ef062150ebbab93a4d6c9ad1a51
CLIENT_TRAFFIC_SECRET_0 f108624e82ad90ad00495f988567f6e4f76d2cf60f0c2bd62469a64a7b896229 a1ed366dd8afbb055e577b57e630414aee75b0e8648f68c19a0521574233cc78
SERVER_TRAFFIC_SECRET_0 f108624e82ad90ad00495f988567f6e4f76d2cf60f0c2bd62469a64a7b896229 8bcc8621eb7d4608b8052f81f17cb1017e6d72d1d1e8add3e62d85bb9933332b
EXPORTER_SECRET f108624e82ad90ad00495f988567f6e4f76d2cf60f0c2bd62469a64a7b896229 40dd01d845cdb7356f959f73b4e5d6fbf4b2b5acd42d28b3fca16171929f908d
CLIENT_HANDSHAKE_TRAFFIC_SECRET b4721227ef473c4145caa7bb615ad6385146b4e16383d611edb6e105f81e6bf0 06a6851c92ccb69b03be9ad216d9b3becb77e3f61f08384991a18213adcac496
SERVER_HANDSHAKE_TRAFFIC_SECRET b4721227ef473c4145caa7bb615ad6385146b4e16383d611edb6e105f81e6bf0 4e9caa01e979f762a671a83236158fb0d91c4e53fa3074dbed91c5181eb66d54
CLIENT_TRAFFIC_SECRET_0 b4721227ef473c4145caa7bb615ad6385146b4e16383d611edb6e105f81e6bf0 25dfe0beb2b7fb92d88b68cc37e2ab5c0f1fcee1cb7e6bb6ee9e570fa61b19ef
SERVER_TRAFFIC_SECRET_0 b4721227ef473c4145caa7bb615ad6385146b4e16383d611edb6e105f81e6bf0 25e1fa26a14c3d77b774b7db9abf59ee0a601254e3c843fd7a16d4828251212b
EXPORTER_SECRET b4721227ef473c4145caa7bb615ad6385146b4e16383d611edb6e105f81e6bf0 596696df09d662bc94eb3833d14bd04551eb94b626322151e619773bb7a84439
CLIENT_HANDSHAKE_TRAFFIC_SECRET 91d5ff2829f2b71102f92748cd93a5edc0651616c15a63b0003d6c8df9084930 fe620bd892a1596626e830480719cae36403b0210b13de59a2a50eeb39731848
SERVER_HANDSHAKE_TRAFFIC_SECRET 91d5ff2829f2b71102f92748cd93a5edc0651616c15a63b0003d6c8df9084930 10b843ac8f26cb52d5f53e4b0595889fdbf4e8cd9d082b7ed106072356245cd3
CLIENT_HANDSHAKE_TRAFFIC_SECRET 631f425eb4e1853816e0570ff800093fb48a39300f9e9fa1cfbe69dc2783ef39 4176ebb0fc1389da909e7061f325ebc5adcee6780a73c3217ebc31d800b483b5
SERVER_HANDSHAKE_TRAFFIC_SECRET 631f425eb4e1853816e0570ff800093fb48a39300f9e9fa1cfbe69dc2783ef39 37234325299ed4be4a0846d02cade8dc0ead707d66fc93102eeb312dea1f13a9
CLIENT_TRAFFIC_SECRET_0 91d5ff2829f2b71102f92748cd93a5edc0651616c15a63b0003d6c8df9084930 9aa2ee0724e3a541b6da81f71450496204481ca46998aef47506e92b497b121d
SERVER_TRAFFIC_SECRET_0 91d5ff2829f2b71102f92748cd93a5edc0651616c15a63b0003d6c8df9084930 41f644b02ad74177c85617626b35dbb1f1f64007934c51a5855d70d7dba1efae
EXPORTER_SECRET 91d5ff2829f2b71102f92748cd93a5edc0651616c15a63b0003d6c8df9084930 d9dbb8b4e85d792bda6563ea88d8d44edd237d06e4c11c3734bbacfeb55558be
CLIENT_HANDSHAKE_TRAFFIC_SECRET 9adb3b1560f3e54e4809fbe6dce28aa05bdc4db7e88b24caa2bd470105153f28 0689b2600ebaa55dd3c83bd6ca344ce36233282be502ad5aee824a175768171e
SERVER_HANDSHAKE_TRAFFIC_SECRET 9adb3b1560f3e54e4809fbe6dce28aa05bdc4db7e88b24caa2bd470105153f28 b112df989c8857f071e896d852b1c7fce0cb8c5d73b96af4bbc30bd96931b2bc
CLIENT_TRAFFIC_SECRET_0 631f425eb4e1853816e0570ff800093fb48a39300f9e9fa1cfbe69dc2783ef39 2808a14180c111fdd39a8f08ab599dcb7b0ce9f5a0b3f3ba4dde996ec0f79463
SERVER_TRAFFIC_SECRET_0 631f425eb4e1853816e0570ff800093fb48a39300f9e9fa1cfbe69dc2783ef39 7d2db4794448e77672eb7a65c81d351035a2b4269c564d94ccf307129415fc76
EXPORTER_SECRET 631f425eb4e1853816e0570ff800093fb48a39300f9e9fa1cfbe69dc2783ef39 623c3ca725ee6efdae1f31f750107a0912f4b9b1dab6af0960e7b0a74111022f
CLIENT_HANDSHAKE_TRAFFIC_SECRET 5e2e30cc69acdc46f45abff40cf37205ae0a07e92847ae60c7f76785327e29d0 5609663d18f5514ed3634a2913ee1fcf92345aa22e1718d48583fc5292e9bfe3
SERVER_HANDSHAKE_TRAFFIC_SECRET 5e2e30cc69acdc46f45abff40cf37205ae0a07e92847ae60c7f76785327e29d0 76754a48d1f2ec1500a74165b2f8e7b0ff3a9ffb759bb1e30fef589853f5aa86
CLIENT_TRAFFIC_SECRET_0 9adb3b1560f3e54e4809fbe6dce28aa05bdc4db7e88b24caa2bd470105153f28 c878f92a5a72f036d8e1897f08e7f72d1386dd834fec34e5965b644bd2c1fcb4
SERVER_TRAFFIC_SECRET_0 9adb3b1560f3e54e4809fbe6dce28aa05bdc4db7e88b24caa2bd470105153f28 65cbfb599402ac08f577cbef440e4196d8f111ec042af29305f6f939c9bfbe59
EXPORTER_SECRET 9adb3b1560f3e54e4809fbe6dce28aa05bdc4db7e88b24caa2bd470105153f28 e28015fd26e421e25de36b1a2f206fd26a41b81fb3e60d77aabef2e7858c6d2b
CLIENT_TRAFFIC_SECRET_0 5e2e30cc69acdc46f45abff40cf37205ae0a07e92847ae60c7f76785327e29d0 21f6f92c0d1dc828d4f0c310c0eb6b693fb8d102d01ace4568b9e4fed8160cb4
SERVER_TRAFFIC_SECRET_0 5e2e30cc69acdc46f45abff40cf37205ae0a07e92847ae60c7f76785327e29d0 e888b962d1c9fc457a09e778ce97f6427228abcb585abf9ec4b6f58b6729f5c8
EXPORTER_SECRET 5e2e30cc69acdc46f45abff40cf37205ae0a07e92847ae60c7f76785327e29d0 93ea70177ea6fba85873e8adce3afb47e4480aa1888d1856cbcca4404b635975
CLIENT_HANDSHAKE_TRAFFIC_SECRET 74c52230cb1bdf22bc4daba725751e3fb5f11fe1e230923c0311c92fc1b20617 147396bbacc3ba95ba0779fd4510e8946e976b9629689024c3a5e14902097af2
SERVER_HANDSHAKE_TRAFFIC_SECRET 74c52230cb1bdf22bc4daba725751e3fb5f11fe1e230923c0311c92fc1b20617 e476ef3cda2bfe76f56c9d271ba80fe7db501cf6c025e1ef612747351e1362d2
CLIENT_HANDSHAKE_TRAFFIC_SECRET 362e72ad5559d8fb8e2c8bfe2a29f0e49f1dd431c2e180f6f1ee0c95d458f829 bc0ba8d309546e09e39ec26b23683a53a7b70ee0f727eae2720bf95125304f9d
SERVER_HANDSHAKE_TRAFFIC_SECRET 362e72ad5559d8fb8e2c8bfe2a29f0e49f1dd431c2e180f6f1ee0c95d458f829 94a44095fcadacdaf870a3843879b4f51f86fcfaafd837a64be5bce43e83b576
CLIENT_TRAFFIC_SECRET_0 74c52230cb1bdf22bc4daba725751e3fb5f11fe1e230923c0311c92fc1b20617 05b99f29b16bccd5dc1e4874a860fdf8095d7744cf68adec612ca2ba8e08f7a1
SERVER_TRAFFIC_SECRET_0 74c52230cb1bdf22bc4daba725751e3fb5f11fe1e230923c0311c92fc1b20617 764bcdd86a7f9ddf8d12bf3d611ab1dbd8bcf0f8d7f0518542e17898397c1c01
EXPORTER_SECRET 74c52230cb1bdf22bc4daba725751e3fb5f11fe1e230923c0311c92fc1b20617 a747a8d317c3a79c2a3e2779cabad6cfe5a912c51371bf58d56d412f47c7409e
CLIENT_TRAFFIC_SECRET_0 362e72ad5559d8fb8e2c8bfe2a29f0e49f1dd431c2e180f6f1ee0c95d458f829 7304d49c4651c3a4119a3e7336184fee0180166d78b5659fdd68488687f6a5c1
SERVER_TRAFFIC_SECRET_0 362e72ad5559d8fb8e2c8bfe2a29f0e49f1dd431c2e180f6f1ee0c95d458f829 4d15cf0b07b563f8a86741c87c81850ecceafa2fd089446eeca58df953d2c36d
EXPORTER_SECRET 362e72ad5559d8fb8e2c8bfe2a29f0e49f1dd431c2e180f6f1ee0c95d458f829 bd9328e161a0ab69cf37c68bbe5b4f7b6a9c8c656f0af89a6b2b4e7c62b0ef00
CLIENT_EARLY_TRAFFIC_SECRET 157804770e079669de074f3acdb6e72892ced3b604225c1a3f60544c337c9e28 e4a90fa68fba172c0680bba39a15b812c2d1f0d514a13ff170542bd5df4c26e5
EARLY_EXPORTER_SECRET 157804770e079669de074f3acdb6e72892ced3b604225c1a3f60544c337c9e28 bc1c540013d7d3d22e6712b30d20dc08bc4a34807ae6b7e65d83bb8cb2d8788a
CLIENT_EARLY_TRAFFIC_SECRET 5c79c602ba65e21de2e419d2ea2d0e73a811d87a1453a523cb0b0052aded4383 76b61a325abe1c14f474980d4d8f2af58c3e43550d7f685aec314d4ed8b8c560
EARLY_EXPORTER_SECRET 5c79c602ba65e21de2e419d2ea2d0e73a811d87a1453a523cb0b0052aded4383 617e30ef235acfd88ac2b9045c1528f64cf85a22431e5283aa16028bf8e241c4
CLIENT_HANDSHAKE_TRAFFIC_SECRET 157804770e079669de074f3acdb6e72892ced3b604225c1a3f60544c337c9e28 ff4a1f9d9ebe5f8f577218a7a3bce376763c204441888e274e0e9191d39bbcdf
SERVER_HANDSHAKE_TRAFFIC_SECRET 157804770e079669de074f3acdb6e72892ced3b604225c1a3f60544c337c9e28 dbbef2c6027ead7d33c30a627930739467e162cb7bc3a7c228188339c823dee0
CLIENT_TRAFFIC_SECRET_0 157804770e079669de074f3acdb6e72892ced3b604225c1a3f60544c337c9e28 78fa3adedf521b5a883a6725001f2b9e28c3b373e4737c82ab4708b602f2b29b
SERVER_TRAFFIC_SECRET_0 157804770e079669de074f3acdb6e72892ced3b604225c1a3f60544c337c9e28 e8d9248eaac8d793f81525a282eec2023c0d6aa09afa76d0f24898a40d00f38e
EXPORTER_SECRET 157804770e079669de074f3acdb6e72892ced3b604225c1a3f60544c337c9e28 6433beb34ab2da4ffb098ada84e98fb74fc9ea3e17c68eaf58a87d2c190ea943
CLIENT_HANDSHAKE_TRAFFIC_SECRET 5c79c602ba65e21de2e419d2ea2d0e73a811d87a1453a523cb0b0052aded4383 f46ca93992eebdb4d746beff4eb0dd221647fc5999e86103569efcb379e0dbca
SERVER_HANDSHAKE_TRAFFIC_SECRET 5c79c602ba65e21de2e419d2ea2d0e73a811d87a1453a523cb0b0052aded4383 c3db53f5cd821c1a567dae7021c747cad9f2570062d038c5205a8a044a06ece0
CLIENT_TRAFFIC_SECRET_0 5c79c602ba65e21de2e419d2ea2d0e73a811d87a1453a523cb0b0052aded4383 52fba47ad3eb477497c6098c78a628c5e30c368defc6052e47ad965cf01b9807
SERVER_TRAFFIC_SECRET_0 5c79c602ba65e21de2e419d2ea2d0e73a811d87a1453a523cb0b0052aded4383 b04e2060cea39091a41d60696b30cc5d5075042210805ca7e3868ee04d0791ef
EXPORTER_SECRET 5c79c602ba65e21de2e419d2ea2d0e73a811d87a1453a523cb0b0052aded4383 982ca78ad5196c29b3ee8f24d7bcbb48c3d6320f7510a4beae0c65a2d74107c0
CLIENT_EARLY_TRAFFIC_SECRET b48306996da4af16741f50a92b6900e27bb6820ad488ce4b1ece1dbd39a8482c 9d4990fba309ea82c15ec845fadebd04fff432519070ba4cc0d23c35cf6a038b
EARLY_EXPORTER_SECRET b48306996da4af16741f50a92b6900e27bb6820ad488ce4b1ece1dbd39a8482c 61952aafb0fdcec939524d0f34c1a878275bb9ec2581f83c1a26a8ae3c184779
CLIENT_EARLY_TRAFFIC_SECRET a3ed7c27296dfa9f0bfe554e3f2cd1857a897ae49adf0c71baf339b25421e39b 9269b0dfe79e687c58942786ca426ecbe5b6092c3884e61f07ebec8a7b3b4876
EARLY_EXPORTER_SECRET a3ed7c27296dfa9f0bfe554e3f2cd1857a897ae49adf0c71baf339b25421e39b 1b1f2ef1c468e168d2167fdacfd714900f45efc8181c4df7e2f02b4be617fe8b
CLIENT_HANDSHAKE_TRAFFIC_SECRET b48306996da4af16741f50a92b6900e27bb6820ad488ce4b1ece1dbd39a8482c e6235729a84ba19677831538e848ccdd2803534f40c917591b38690fbf4729a4
SERVER_HANDSHAKE_TRAFFIC_SECRET b48306996da4af16741f50a92b6900e27bb6820ad488ce4b1ece1dbd39a8482c 8bc318c385af32d7e046e86eae4d93d5881637b455d9640139318e32c3b11868
CLIENT_TRAFFIC_SECRET_0 b48306996da4af16741f50a92b6900e27bb6820ad488ce4b1ece1dbd39a8482c c8d02722d6141d53c5fa1eca6b8be88cfddb8ba98ec860da70cd7294075fa706
SERVER_TRAFFIC_SECRET_0 b48306996da4af16741f50a92b6900e27bb6820ad488ce4b1ece1dbd39a8482c 4304d75f8eb7eef680d53cffc7008c773fca36a9e71a86d58ddfc8c66f51e7c2
EXPORTER_SECRET b48306996da4af16741f50a92b6900e27bb6820ad488ce4b1ece1dbd39a8482c 7c44bafa62d2eda4d9ee7c58144e76b527340d65c81896172b4b9d44ac82ad93
CLIENT_HANDSHAKE_TRAFFIC_SECRET de542a723a5058f1bfc7aa84fd773d97296cb9d9f3c93d96d091b414ac328233 1157220fd65a4cdcf2c201bc63bc753b5a002dd462712c03fcdefcc35b2cc5fb7af13521ea91b8c8abffc55cc08ba4fa
SERVER_HANDSHAKE_TRAFFIC_SECRET de542a723a5058f1bfc7aa84fd773d97296cb9d9f3c93d96d091b414ac328233 8febd0569e8863f6abc6730d8b0962986e464ad59773767cb2f7954660ba031b8229178246ccd7cd44c8344da77097c1
CLIENT_TRAFFIC_SECRET_0 de542a723a5058f1bfc7aa84fd773d97296cb9d9f3c93d96d091b414ac328233 91b23c9b2df49962e2048beb4cd06e5a657d686fec9ebde2d47d3e3450e000867b7d16ee780b1289dd7c75ab300593dd
SERVER_TRAFFIC_SECRET_0 de542a723a5058f1bfc7aa84fd773d97296cb9d9f3c93d96d091b414ac328233 667703f122a27de4582581801dbc4e602edc4b33e58421cda9ba8dbd7b02bd93fc00738928737c5b76543b552a630958
EXPORTER_SECRET de542a723a5058f1bfc7aa84fd773d97296cb9d9f3c93d96d091b414ac328233 d2889e2063c89c102c7e4b92c4bbf61ea9b68fd616f0c953c6795936209739880ffb8890fa4f8f2a169e947844260632
CLIENT_HANDSHAKE_TRAFFIC_SECRET a3ed7c27296dfa9f0bfe554e3f2cd1857a897ae49adf0c71baf339b25421e39b 93e3fb8ad49ad2858e209fea3535fd564ec726253e2cb623bbd2bf4d05c55e85
SERVER_HANDSHAKE_TRAFFIC_SECRET a3ed7c27296dfa9f0bfe554e3f2cd1857a897ae49adf0c71baf339b25421e39b 79b3efd335af56590c0726f5f608d17fe07cead45b7a8d414c1b1b1be10881bc
CLIENT_TRAFFIC_SECRET_0 a3ed7c27296dfa9f0bfe554e3f2cd1857a897ae49adf0c71baf339b25421e39b fe1cd3eaca8ce837ad7387482e606f5e7621c4b14cea2c484d249758cea20080
SERVER_TRAFFIC_SECRET_0 a3ed7c27296dfa9f0bfe554e3f2cd1857a897ae49adf0c71baf339b25421e39b 8b8061a2e2f334f56be0a11c04772eec1c32032ea1746a30269b082623284a89
EXPORTER_SECRET a3ed7c27296dfa9f0bfe554e3f2cd1857a897ae49adf0c71baf339b25421e39b 766bd07b1a25513ea94fb72471ed6e9978f77fc3ba461200d736d477df226a3d
CLIENT_HANDSHAKE_TRAFFIC_SECRET e0dfc776f2b4a96091df48a9a66efb8b114ad1620b7a732be7905076da1fa955 dbf65c0d98a4f9413e8f59b277d6e99b3419db8e7388d557725bce84475f7ab5
SERVER_HANDSHAKE_TRAFFIC_SECRET e0dfc776f2b4a96091df48a9a66efb8b114ad1620b7a732be7905076da1fa955 1b5c3a7eb5e42c913bffdda377ddae35f2481ad7c2c109807bb24843bc24ee7b
CLIENT_TRAFFIC_SECRET_0 e0dfc776f2b4a96091df48a9a66efb8b114ad1620b7a732be7905076da1fa955 cd79e98927fbbf8cf801b7d8719bdef8a84f5e97dad308964704ec4ddc44509f
SERVER_TRAFFIC_SECRET_0 e0dfc776f2b4a96091df48a9a66efb8b114ad1620b7a732be7905076da1fa955 b803f5065c71a1aeca70a59656b9aadec88b2615635e02105e76cf06119f2bef
EXPORTER_SECRET e0dfc776f2b4a96091df48a9a66efb8b114ad1620b7a732be7905076da1fa955 a0a5ed17a517cd53bca07cfd002c3d08f3c0e9e6e2d60fd8f1dd22e7a6f55530
CLIENT_HANDSHAKE_TRAFFIC_SECRET 6fff8c0ba754f7322e81f99be44f1acbe11e8d74ac9621f681063d2d84ec0f54 6be00a70d5c81385261fa142a874e23fc7e213f0b74112612489acd5a18f5c6a
SERVER_HANDSHAKE_TRAFFIC_SECRET 6fff8c0ba754f7322e81f99be44f1acbe11e8d74ac9621f681063d2d84ec0f54 b62fb1f5a71fe784b56d5567fab143d0dd6540b78cc5e4933a670f2ea42acd55
CLIENT_TRAFFIC_SECRET_0 6fff8c0ba754f7322e81f99be44f1acbe11e8d74ac9621f681063d2d84ec0f54 cf351fb7e43c1330a0bfcc601316c027071863a24af53623f44613d0d112eaa8
SERVER_TRAFFIC_SECRET_0 6fff8c0ba754f7322e81f99be44f1acbe11e8d74ac9621f681063d2d84ec0f54 9ab18debc7c018118a5af84731bd5ed53246539ac8bab5a70feb845d63ab78de
EXPORTER_SECRET 6fff8c0ba754f7322e81f99be44f1acbe11e8d74ac9621f681063d2d84ec0f54 51103946f3d8799299eb25feae277e6faf2b45aa5d8690e6576a6bc0b4cc9e12
CLIENT_HANDSHAKE_TRAFFIC_SECRET 203f9a6db362c837046fe609f5784b853dbf8f87043f92d7a515b113472b3794 03aaa6398d23fe97aaaf5da6077d1150263f49d8a70e1d02a8e81b0904e93670
SERVER_HANDSHAKE_TRAFFIC_SECRET 203f9a6db362c837046fe609f5784b853dbf8f87043f92d7a515b113472b3794 68cf5131f81fe9ea3bb786a459a4d30855ffaa9138365cf08ebf3ad8a6fdbd0e
CLIENT_TRAFFIC_SECRET_0 203f9a6db362c837046fe609f5784b853dbf8f87043f92d7a515b113472b3794 0ba05cce18ad8ccad29602e93937d7ec7b7e37c89c11e37e1ab17597d3ccb757
SERVER_TRAFFIC_SECRET_0 203f9a6db362c837046fe609f5784b853dbf8f87043f92d7a515b113472b3794 783d9901d9723e1c5620d7efba7c65c5942b785baafe16269b31ce0d9e762402
EXPORTER_SECRET 203f9a6db362c837046fe609f5784b853dbf8f87043f92d7a515b113472b3794 490559586516e8366ed4c575a523bdce04b3e92799c187534e0c2d5b9e44711f
CLIENT_HANDSHAKE_TRAFFIC_SECRET c5c9cf3a6feeb208709053991d79d0893766757e583f910230d388e3693cf6b3 12b5e7af74e6a55779728fa4377f1d9809c0957e3da79e655c3f8698dc89f59d
SERVER_HANDSHAKE_TRAFFIC_SECRET c5c9cf3a6feeb208709053991d79d0893766757e583f910230d388e3693cf6b3 8ca53ce3e226ce92f946bdb8691814b6ea4df839a7a5c704bd23d4df26ac83d3
CLIENT_TRAFFIC_SECRET_0 c5c9cf3a6feeb208709053991d79d0893766757e583f910230d388e3693cf6b3 8be6fd6e764245571bb407074c57b57a8cd0781e7e0d5fc30828dc9a00ceaa5a
SERVER_TRAFFIC_SECRET_0 c5c9cf3a6feeb208709053991d79d0893766757e583f910230d388e3693cf6b3 c9ec4f48d55580fdf80c219e91b8ba21cf47bc2711f98b5b8c1cfe21e05a7504
EXPORTER_SECRET c5c9cf3a6feeb208709053991d79d0893766757e583f910230d388e3693cf6b3 d01a1b990d3d7a596970dd98a4ef258e53fafcdfd0cb193c3a67fec361ebb509
# SSL/TLS secrets log file, generated by NSS
SERVER_HANDSHAKE_TRAFFIC_SECRET 0f7666e7dda7e4af7c1c1291748f236b408e93faa0af2057c67139462ae07969 30b0c916ffda004bd5eab34e0e5c84e54104af747576f869173f8acc85f7382b72a10a1887f875203ca57daa7b6c9a9b
EXPORTER_SECRET 0f7666e7dda7e4af7c1c1291748f236b408e93faa0af2057c67139462ae07969 5ba63a36027894f87eb8ecf280fa80c61825a47bad0cb96897cd43b519f642df70d3af5a337bf22dfe79ce5d00e12dbe
SERVER_TRAFFIC_SECRET_0 0f7666e7dda7e4af7c1c1291748f236b408e93faa0af2057c67139462ae07969 cf9393fd61d986ade6b5c1a550192fe1c4b56620ba6c28a744a34c457323af7491c6f84aca4c7d051c00388f945a60bb
CLIENT_HANDSHAKE_TRAFFIC_SECRET 0f7666e7dda7e4af7c1c1291748f236b408e93faa0af2057c67139462ae07969 175d1428907967bfb3ae0dee93954725f04dc1c5668fc3b543f8223b7692408f094df25125f9303f217dacd69e343516
CLIENT_TRAFFIC_SECRET_0 0f7666e7dda7e4af7c1c1291748f236b408e93faa0af2057c67139462ae07969 289bae3256c64f6d262998895a83f5ddcec5ce567a9b2138541ad889f0f4267e33d5861d791acf9fb0660b92c16eb766
SERVER_HANDSHAKE_TRAFFIC_SECRET ec15242bac0daa32fcfc6aed4b89939afcb7f2e26cbc5e080f3bfb2eab559166 1d169c51ea07c2d4af46ef34948f609a0862a5e19099dcb7b494570e63053b06bb579e829190f6205a378b86a9ef6f05
EXPORTER_SECRET ec15242bac0daa32fcfc6aed4b89939afcb7f2e26cbc5e080f3bfb2eab559166 6e02a1035df3a3779800cbcc85aa896090e7f15705d542e61cf2513f3090f0fd4b19a4d3d22d11e1c120f78a36c0058b
SERVER_TRAFFIC_SECRET_0 ec15242bac0daa32fcfc6aed4b89939afcb7f2e26cbc5e080f3bfb2eab559166 620a3b2bf81b7a742d00b440fba007282a3bd9cea7b12c48046ea8815fa601d8696036ef298cca7eeb1b7d998438908c
CLIENT_HANDSHAKE_TRAFFIC_SECRET ec15242bac0daa32fcfc6aed4b89939afcb7f2e26cbc5e080f3bfb2eab559166 68824b449998b5e4ce91c391346fed3fe9e2d924da483affc90a29d2bbd2ccdc615ba09be831dd5e016d84de0b3fc201
CLIENT_TRAFFIC_SECRET_0 ec15242bac0daa32fcfc6aed4b89939afcb7f2e26cbc5e080f3bfb2eab559166 a4eab914a047f8d29536dd90b578d06cbcd9dde23830fc3733d85cde648b18601b436a63e484fca623e8774817e00956
